16:58:10 **** クリーンのみのビルド of configuration Debug for project N-Queens ****
make clean 
rm -rf  ./src/N-Queens.o  ./src/N-Queens.d  N-Queens
 

16:58:10 Build Finished (took 69ms)

16:58:13 **** ビルド of configuration Debug for project N-Queens ****
make all 
Building file: ../src/N-Queens.c
Invoking: Cross GCC Compiler
gcc -O0 -g3 -Wall -c -fmessage-length=0 -MMD -MP -MF"src/N-Queens.d" -MT"src/N-Queens.o" -o "src/N-Queens.o" "../src/N-Queens.c"
Finished building: ../src/N-Queens.c
 
Building target: N-Queens
Invoking: Cross GCC Linker
gcc  -o "N-Queens"  ./src/N-Queens.o   
Finished building target: N-Queens
 
16:58:22 **** インクリメンタル・ビルド of configuration Debug for project N-Queens ****
make all 
make: Nothing to be done for `all'.
16:58:24 **** インクリメンタル・ビルド of configuration Debug for project N-Queens ****
make all 
make: Nothing to be done for `all'.
16:58:26 **** インクリメンタル・ビルド of configuration Debug for project N-Queens ****
make all 
make: Nothing to be done for `all'.
16:58:36 **** インクリメンタル・ビルド of configuration Debug for project N-Queens ****
make all 
make: Nothing to be done for `all'.
17:09:44 **** ビルド of configuration Debug for project N-Queens ****
make all 
Building file: ../src/N-Queens.c
Invoking: Cross GCC Compiler
gcc -O0 -g3 -Wall -c -fmessage-length=0 -MMD -MP -MF"src/N-Queens.d" -MT"src/N-Queens.o" -o "src/N-Queens.o" "../src/N-Queens.c"
Finished building: ../src/N-Queens.c
 
Building target: N-Queens
Invoking: Cross GCC Linker
gcc  -o "N-Queens"  ./src/N-Queens.o   
Finished building target: N-Queens
 
17:10:14 **** インクリメンタル・ビルド of configuration Debug for project N-Queens ****
make all 
make: Nothing to be done for `all'.
17:10:40 **** インクリメンタル・ビルド of configuration Debug for project N-Queens ****
make all 
make: Nothing to be done for `all'.
17:10:54 **** インクリメンタル・ビルド of configuration Debug for project N-Queens ****
make all 
make: Nothing to be done for `all'.
17:10:57 **** インクリメンタル・ビルド of configuration Debug for project N-Queens ****
make all 
make: Nothing to be done for `all'.
