Flat profile:

Each sample counts as 0.01 seconds.
  %   cumulative   self              self     total           
 time   seconds   seconds    calls  ms/call  ms/call  name    
 19.10      0.11     0.11   672145     0.00     0.00  SQd1B
 12.73      0.18     0.07   777792     0.00     0.00  SQBjrB
 10.91      0.24     0.06   151913     0.00     0.00  SQd0B
  9.09      0.29     0.05   145462     0.00     0.00  SQd1BlB
  9.09      0.34     0.05    16532     0.00     0.00  int_hashset_contains
  7.28      0.38     0.04   663136     0.00     0.00  SQd2B
  7.28      0.42     0.04   171542     0.00     0.00  SQd1BkB
  5.46      0.45     0.03   122945     0.00     0.00  SQd2BlB
  3.64      0.47     0.02   162162     0.00     0.00  SQBkBjrB
  3.64      0.49     0.02      450     0.04     0.18  SQd0BkB
  3.64      0.51     0.02      282     0.07     0.14  SQd2BlBkB
  1.82      0.52     0.01      435     0.02     0.24  SQd1BlBkB
  1.82      0.53     0.01      216     0.05     0.25  SQd2BkBlB
  1.82      0.54     0.01      114     0.09     0.29  SQBkBlBjrB
  1.82      0.55     0.01       50     0.20     0.34  SQBklBjrB
  0.91      0.55     0.01       95     0.05     0.12  SQd1BklB
  0.00      0.55     0.00   263055     0.00     0.00  SQB
  0.00      0.55     0.00   162416     0.00     0.00  SQd2BkB
  0.00      0.55     0.00   116613     0.00     0.00  SQBlBjrB
  0.00      0.55     0.00    25818     0.00     0.00  getj
  0.00      0.55     0.00    22376     0.00     0.00  getk
  0.00      0.55     0.00    20380     0.00     0.00  geti
  0.00      0.55     0.00    18496     0.00     0.00  getl
  0.00      0.55     0.00    12213     0.00     0.00  ffmin
  0.00      0.55     0.00     7426     0.00     0.00  toijkl
  0.00      0.55     0.00     6196     0.00     0.00  rot90
  0.00      0.55     0.00     4830     0.00     0.01  checkRotations
  0.00      0.55     0.00     4620     0.00     0.00  int_hashset_add
  0.00      0.55     0.00     2884     0.00     0.00  add_constellation
  0.00      0.55     0.00     2884     0.00     0.00  constellation_arraylist_add
  0.00      0.55     0.00     2884     0.00     0.00  symmetry
  0.00      0.55     0.00     2310     0.00     0.00  jasmin
  0.00      0.55     0.00     2310     0.00     0.00  setPreQueens
  0.00      0.55     0.00     2232     0.00     0.00  mirvert
  0.00      0.55     0.00      435     0.00     0.20  SQd1BkBlB
  0.00      0.55     0.00      177     0.00     0.30  SQBlBkBjrB
  0.00      0.55     0.00       95     0.00     0.07  SQd1BlkB
  0.00      0.55     0.00       76     0.00     0.04  SQd2BlkB
  0.00      0.55     0.00       75     0.00     0.11  SQBlkBjrB
  0.00      0.55     0.00       60     0.00     0.05  SQd2BklB
  0.00      0.55     0.00       36     0.00     0.00  symmetry90
  0.00      0.55     0.00        2     0.00     0.00  create_int_hashset
  0.00      0.55     0.00        1     0.00     0.00  calcSolutions
  0.00      0.55     0.00        1     0.00     0.00  create_constellation_arraylist
  0.00      0.55     0.00        1     0.00   500.20  execSolutions
  0.00      0.55     0.00        1     0.00     0.00  f
  0.00      0.55     0.00        1     0.00     0.00  free_constellation_arraylist
  0.00      0.55     0.00        1     0.00     0.00  free_int_hashset
  0.00      0.55     0.00        1     0.00    50.02  genConstellations

 %         the percentage of the total running time of the
time       program used by this function.

cumulative a running sum of the number of seconds accounted
 seconds   for by this function and those listed above it.

 self      the number of seconds accounted for by this
seconds    function alone.  This is the major sort for this
           listing.

calls      the number of times this function was invoked, if
           this function is profiled, else blank.
 
 self      the average number of milliseconds spent in this
ms/call    function per call, if this function is profiled,
	   else blank.

 total     the average number of milliseconds spent in this
ms/call    function and its descendents per call, if this 
	   function is profiled, else blank.

name       the name of the function.  This is the minor sort
           for this listing. The index shows the location of
	   the function in the gprof listing. If the index is
	   in parenthesis it shows where it would appear in
	   the gprof listing if it were to be printed.

Copyright (C) 2012-2014 Free Software Foundation, Inc.

Copying and distribution of this file, with or without modification,
are permitted in any medium without royalty provided the copyright
notice and this notice are preserved.

		     Call graph (explanation follows)


granularity: each sample hit covers 2 byte(s) for 1.82% of 0.55 seconds

index % time    self  children    called     name
                                                 <spontaneous>
[1]    100.0    0.00    0.55                 main [1]
                0.00    0.50       1/1           execSolutions [2]
                0.00    0.05       1/1           genConstellations [15]
                0.00    0.00       1/1           f [48]
                0.00    0.00       1/2           create_int_hashset [45]
                0.00    0.00       1/1           create_constellation_arraylist [47]
                0.00    0.00       1/1           calcSolutions [46]
                0.00    0.00       1/1           free_int_hashset [50]
                0.00    0.00       1/1           free_constellation_arraylist [49]
-----------------------------------------------
                0.00    0.50       1/1           main [1]
[2]     90.9    0.00    0.50       1         execSolutions [2]
                0.01    0.10     435/435         SQd1BlBkB [3]
                0.00    0.09     435/435         SQd1BkBlB [7]
                0.02    0.06     450/450         SQd0BkB [8]
                0.01    0.04     216/216         SQd2BkBlB [11]
                0.00    0.05     177/177         SQBlBkBjrB [13]
                0.02    0.02     282/282         SQd2BlBkB [18]
                0.01    0.02     114/114         SQBkBlBjrB [20]
                0.01    0.01      50/50          SQBklBjrB [23]
                0.01    0.01      95/95          SQd1BklB [25]
                0.00    0.01      75/75          SQBlkBjrB [26]
                0.00    0.01      95/95          SQd1BlkB [27]
                0.00    0.00      76/76          SQd2BlkB [28]
                0.00    0.00      60/60          SQd2BklB [29]
                0.00    0.00     202/151913      SQd0B [10]
                0.00    0.00      60/171542      SQd1BkB [5]
                0.00    0.00      41/145462      SQd1BlB [6]
                0.00    0.00      21/672145      SQd1B [4]
                0.00    0.00    2884/22376       getk [32]
                0.00    0.00    2884/25818       getj [31]
                0.00    0.00    2884/18496       getl [34]
                0.00    0.00    2884/2884        symmetry [40]
-----------------------------------------------
                              263536             SQd1BlBkB [3]
                0.01    0.10     435/435         execSolutions [2]
[3]     19.2    0.01    0.10     435+263536  SQd1BlBkB [3]
                0.04    0.06  171482/171542      SQd1BkB [5]
                              263536             SQd1BlBkB [3]
-----------------------------------------------
                             2291504             SQd1B [4]
                0.00    0.00      21/672145      execSolutions [2]
                0.01    0.00   38324/672145      SQd1BklB [25]
                0.01    0.00   41967/672145      SQd1BlkB [27]
                0.04    0.00  236306/672145      SQd1BlB [6]
                0.06    0.00  355527/672145      SQd1BkB [5]
[4]     19.1    0.11    0.00  672145+2291504 SQd1B [4]
                             2291504             SQd1B [4]
-----------------------------------------------
                             1089339             SQd1BkB [5]
                0.00    0.00      60/171542      execSolutions [2]
                0.04    0.06  171482/171542      SQd1BlBkB [3]
[5]     17.4    0.04    0.06  171542+1089339 SQd1BkB [5]
                0.06    0.00  355527/672145      SQd1B [4]
                             1089339             SQd1BkB [5]
-----------------------------------------------
                              827302             SQd1BlB [6]
                0.00    0.00      41/145462      execSolutions [2]
                0.05    0.04  145421/145462      SQd1BkBlB [7]
[6]     15.8    0.05    0.04  145462+827302  SQd1BlB [6]
                0.04    0.00  236306/672145      SQd1B [4]
                              827302             SQd1BlB [6]
-----------------------------------------------
                              255694             SQd1BkBlB [7]
                0.00    0.09     435/435         execSolutions [2]
[7]     15.8    0.00    0.09     435+255694  SQd1BkBlB [7]
                0.05    0.04  145421/145462      SQd1BlB [6]
                              255694             SQd1BkBlB [7]
-----------------------------------------------
                              310495             SQd0BkB [8]
                0.02    0.06     450/450         execSolutions [2]
[8]     14.5    0.02    0.06     450+310495  SQd0BkB [8]
                0.06    0.00  151711/151913      SQd0B [10]
                              310495             SQd0BkB [8]
-----------------------------------------------
                             2336284             SQBjrB [9]
                0.01    0.00   77086/777792      SQBklBjrB [23]
                0.01    0.00   91498/777792      SQBlkBjrB [26]
                0.02    0.00  251342/777792      SQBlBjrB [21]
                0.03    0.00  357866/777792      SQBkBjrB [12]
[9]     12.7    0.07    0.00  777792+2336284 SQBjrB [9]
                0.00    0.00  263055/263055      SQB [30]
                             2336284             SQBjrB [9]
-----------------------------------------------
                             2149615             SQd0B [10]
                0.00    0.00     202/151913      execSolutions [2]
                0.06    0.00  151711/151913      SQd0BkB [8]
[10]    10.9    0.06    0.00  151913+2149615 SQd0B [10]
                             2149615             SQd0B [10]
-----------------------------------------------
                              162616             SQd2BkBlB [11]
                0.01    0.04     216/216         execSolutions [2]
[11]     9.9    0.01    0.04     216+162616  SQd2BkBlB [11]
                0.03    0.01  122945/122945      SQd2BlB [16]
                              162616             SQd2BkBlB [11]
-----------------------------------------------
                              372517             SQBkBjrB [12]
                0.02    0.03  162162/162162      SQBlBkBjrB [13]
[12]     9.5    0.02    0.03  162162+372517  SQBkBjrB [12]
                0.03    0.00  357866/777792      SQBjrB [9]
                              372517             SQBkBjrB [12]
-----------------------------------------------
                              168724             SQBlBkBjrB [13]
                0.00    0.05     177/177         execSolutions [2]
[13]     9.5    0.00    0.05     177+168724  SQBlBkBjrB [13]
                0.02    0.03  162162/162162      SQBkBjrB [12]
                              168724             SQBlBkBjrB [13]
-----------------------------------------------
                0.01    0.00    4620/16532       int_hashset_add [24]
                0.04    0.00   11912/16532       checkRotations [19]
[14]     9.1    0.05    0.00   16532         int_hashset_contains [14]
-----------------------------------------------
                0.00    0.05       1/1           main [1]
[15]     9.1    0.00    0.05       1         genConstellations [15]
                0.00    0.04    4830/4830        checkRotations [19]
                0.00    0.01    4620/4620        int_hashset_add [24]
                0.00    0.00    5194/7426        toijkl [36]
                0.00    0.00    2310/2310        jasmin [41]
                0.00    0.00    2310/20380       geti [33]
                0.00    0.00    2310/25818       getj [31]
                0.00    0.00    2310/22376       getk [32]
                0.00    0.00    2310/18496       getl [34]
                0.00    0.00    2310/2310        setPreQueens [42]
                0.00    0.00       1/2           create_int_hashset [45]
-----------------------------------------------
                              480747             SQd2BlB [16]
                0.03    0.01  122945/122945      SQd2BkBlB [11]
[16]     8.1    0.03    0.01  122945+480747  SQd2BlB [16]
                0.01    0.00  241960/663136      SQd2B [17]
                              480747             SQd2BlB [16]
-----------------------------------------------
                             1801337             SQd2B [17]
                0.00    0.00   46676/663136      SQd2BklB [29]
                0.00    0.00   50016/663136      SQd2BlkB [28]
                0.01    0.00  241960/663136      SQd2BlB [16]
                0.02    0.00  324484/663136      SQd2BkB [22]
[17]     7.3    0.04    0.00  663136+1801337 SQd2B [17]
                             1801337             SQd2B [17]
-----------------------------------------------
                              247772             SQd2BlBkB [18]
                0.02    0.02     282/282         execSolutions [2]
[18]     7.2    0.02    0.02     282+247772  SQd2BlBkB [18]
                0.00    0.02  162416/162416      SQd2BkB [22]
                              247772             SQd2BlBkB [18]
-----------------------------------------------
                0.00    0.04    4830/4830        genConstellations [15]
[19]     6.6    0.00    0.04    4830         checkRotations [19]
                0.04    0.00   11912/16532       int_hashset_contains [14]
-----------------------------------------------
                               98006             SQBkBlBjrB [20]
                0.01    0.02     114/114         execSolutions [2]
[20]     5.9    0.01    0.02     114+98006   SQBkBlBjrB [20]
                0.00    0.02  116613/116613      SQBlBjrB [21]
                               98006             SQBkBlBjrB [20]
-----------------------------------------------
                              237592             SQBlBjrB [21]
                0.00    0.02  116613/116613      SQBkBlBjrB [20]
[21]     4.1    0.00    0.02  116613+237592  SQBlBjrB [21]
                0.02    0.00  251342/777792      SQBjrB [9]
                              237592             SQBlBjrB [21]
-----------------------------------------------
                              723921             SQd2BkB [22]
                0.00    0.02  162416/162416      SQd2BlBkB [18]
[22]     3.6    0.00    0.02  162416+723921  SQd2BkB [22]
                0.02    0.00  324484/663136      SQd2B [17]
                              723921             SQd2BkB [22]
-----------------------------------------------
                              115699             SQBklBjrB [23]
                0.01    0.01      50/50          execSolutions [2]
[23]     3.1    0.01    0.01      50+115699  SQBklBjrB [23]
                0.01    0.00   77086/777792      SQBjrB [9]
                              115699             SQBklBjrB [23]
-----------------------------------------------
                0.00    0.01    4620/4620        genConstellations [15]
[24]     2.5    0.00    0.01    4620         int_hashset_add [24]
                0.01    0.00    4620/16532       int_hashset_contains [14]
-----------------------------------------------
                              125815             SQd1BklB [25]
                0.01    0.01      95/95          execSolutions [2]
[25]     2.0    0.01    0.01      95+125815  SQd1BklB [25]
                0.01    0.00   38324/672145      SQd1B [4]
                              125815             SQd1BklB [25]
-----------------------------------------------
                              176131             SQBlkBjrB [26]
                0.00    0.01      75/75          execSolutions [2]
[26]     1.5    0.00    0.01      75+176131  SQBlkBjrB [26]
                0.01    0.00   91498/777792      SQBjrB [9]
                              176131             SQBlkBjrB [26]
-----------------------------------------------
                              126666             SQd1BlkB [27]
                0.00    0.01      95/95          execSolutions [2]
[27]     1.2    0.00    0.01      95+126666  SQd1BlkB [27]
                0.01    0.00   41967/672145      SQd1B [4]
                              126666             SQd1BlkB [27]
-----------------------------------------------
                              149262             SQd2BlkB [28]
                0.00    0.00      76/76          execSolutions [2]
[28]     0.5    0.00    0.00      76+149262  SQd2BlkB [28]
                0.00    0.00   50016/663136      SQd2B [17]
                              149262             SQd2BlkB [28]
-----------------------------------------------
                              110402             SQd2BklB [29]
                0.00    0.00      60/60          execSolutions [2]
[29]     0.5    0.00    0.00      60+110402  SQd2BklB [29]
                0.00    0.00   46676/663136      SQd2B [17]
                              110402             SQd2BklB [29]
-----------------------------------------------
                               46280             SQB [30]
                0.00    0.00  263055/263055      SQBjrB [9]
[30]     0.0    0.00    0.00  263055+46280   SQB [30]
                               46280             SQB [30]
-----------------------------------------------
                0.00    0.00      72/25818       symmetry90 [44]
                0.00    0.00    2232/25818       mirvert [43]
                0.00    0.00    2310/25818       genConstellations [15]
                0.00    0.00    2884/25818       symmetry [40]
                0.00    0.00    2884/25818       execSolutions [2]
                0.00    0.00    6196/25818       rot90 [37]
                0.00    0.00    9240/25818       jasmin [41]
[31]     0.0    0.00    0.00   25818         getj [31]
-----------------------------------------------
                0.00    0.00      72/22376       symmetry90 [44]
                0.00    0.00     182/22376       symmetry [40]
                0.00    0.00    2232/22376       mirvert [43]
                0.00    0.00    2310/22376       genConstellations [15]
                0.00    0.00    2884/22376       execSolutions [2]
                0.00    0.00    6196/22376       rot90 [37]
                0.00    0.00    8500/22376       jasmin [41]
[32]     0.0    0.00    0.00   22376         getk [32]
-----------------------------------------------
                0.00    0.00      72/20380       symmetry90 [44]
                0.00    0.00    2232/20380       mirvert [43]
                0.00    0.00    2310/20380       genConstellations [15]
                0.00    0.00    2884/20380       symmetry [40]
                0.00    0.00    6196/20380       rot90 [37]
                0.00    0.00    6686/20380       jasmin [41]
[33]     0.0    0.00    0.00   20380         geti [33]
-----------------------------------------------
                0.00    0.00      72/18496       symmetry90 [44]
                0.00    0.00     182/18496       symmetry [40]
                0.00    0.00    2232/18496       mirvert [43]
                0.00    0.00    2310/18496       genConstellations [15]
                0.00    0.00    2884/18496       execSolutions [2]
                0.00    0.00    4620/18496       jasmin [41]
                0.00    0.00    6196/18496       rot90 [37]
[34]     0.0    0.00    0.00   18496         getl [34]
-----------------------------------------------
                0.00    0.00   12213/12213       jasmin [41]
[35]     0.0    0.00    0.00   12213         ffmin [35]
-----------------------------------------------
                0.00    0.00    2232/7426        mirvert [43]
                0.00    0.00    5194/7426        genConstellations [15]
[36]     0.0    0.00    0.00    7426         toijkl [36]
-----------------------------------------------
                0.00    0.00    6196/6196        jasmin [41]
[37]     0.0    0.00    0.00    6196         rot90 [37]
                0.00    0.00    6196/22376       getk [32]
                0.00    0.00    6196/18496       getl [34]
                0.00    0.00    6196/25818       getj [31]
                0.00    0.00    6196/20380       geti [33]
-----------------------------------------------
                0.00    0.00    2884/2884        setPreQueens [42]
[38]     0.0    0.00    0.00    2884         add_constellation [38]
                0.00    0.00    2884/2884        constellation_arraylist_add [39]
-----------------------------------------------
                0.00    0.00    2884/2884        add_constellation [38]
[39]     0.0    0.00    0.00    2884         constellation_arraylist_add [39]
-----------------------------------------------
                0.00    0.00    2884/2884        execSolutions [2]
[40]     0.0    0.00    0.00    2884         symmetry [40]
                0.00    0.00    2884/20380       geti [33]
                0.00    0.00    2884/25818       getj [31]
                0.00    0.00     182/22376       getk [32]
                0.00    0.00     182/18496       getl [34]
                0.00    0.00      36/36          symmetry90 [44]
-----------------------------------------------
                0.00    0.00    2310/2310        genConstellations [15]
[41]     0.0    0.00    0.00    2310         jasmin [41]
                0.00    0.00   12213/12213       ffmin [35]
                0.00    0.00    9240/25818       getj [31]
                0.00    0.00    8500/22376       getk [32]
                0.00    0.00    6686/20380       geti [33]
                0.00    0.00    6196/6196        rot90 [37]
                0.00    0.00    4620/18496       getl [34]
                0.00    0.00    2232/2232        mirvert [43]
-----------------------------------------------
                                 847             setPreQueens [42]
                0.00    0.00    2310/2310        genConstellations [15]
[42]     0.0    0.00    0.00    2310+847     setPreQueens [42]
                0.00    0.00    2884/2884        add_constellation [38]
                                 847             setPreQueens [42]
-----------------------------------------------
                0.00    0.00    2232/2232        jasmin [41]
[43]     0.0    0.00    0.00    2232         mirvert [43]
                0.00    0.00    2232/22376       getk [32]
                0.00    0.00    2232/18496       getl [34]
                0.00    0.00    2232/25818       getj [31]
                0.00    0.00    2232/20380       geti [33]
                0.00    0.00    2232/7426        toijkl [36]
-----------------------------------------------
                0.00    0.00      36/36          symmetry [40]
[44]     0.0    0.00    0.00      36         symmetry90 [44]
                0.00    0.00      72/20380       geti [33]
                0.00    0.00      72/25818       getj [31]
                0.00    0.00      72/22376       getk [32]
                0.00    0.00      72/18496       getl [34]
-----------------------------------------------
                0.00    0.00       1/2           genConstellations [15]
                0.00    0.00       1/2           main [1]
[45]     0.0    0.00    0.00       2         create_int_hashset [45]
-----------------------------------------------
                0.00    0.00       1/1           main [1]
[46]     0.0    0.00    0.00       1         calcSolutions [46]
-----------------------------------------------
                0.00    0.00       1/1           main [1]
[47]     0.0    0.00    0.00       1         create_constellation_arraylist [47]
-----------------------------------------------
                0.00    0.00       1/1           main [1]
[48]     0.0    0.00    0.00       1         f [48]
-----------------------------------------------
                0.00    0.00       1/1           main [1]
[49]     0.0    0.00    0.00       1         free_constellation_arraylist [49]
-----------------------------------------------
                0.00    0.00       1/1           main [1]
[50]     0.0    0.00    0.00       1         free_int_hashset [50]
-----------------------------------------------

 This table describes the call tree of the program, and was sorted by
 the total amount of time spent in each function and its children.

 Each entry in this table consists of several lines.  The line with the
 index number at the left hand margin lists the current function.
 The lines above it list the functions that called this function,
 and the lines below it list the functions this one called.
 This line lists:
     index	A unique number given to each element of the table.
		Index numbers are sorted numerically.
		The index number is printed next to every function name so
		it is easier to look up where the function is in the table.

     % time	This is the percentage of the `total' time that was spent
		in this function and its children.  Note that due to
		different viewpoints, functions excluded by options, etc,
		these numbers will NOT add up to 100%.

     self	This is the total amount of time spent in this function.

     children	This is the total amount of time propagated into this
		function by its children.

     called	This is the number of times the function was called.
		If the function called itself recursively, the number
		only includes non-recursive calls, and is followed by
		a `+' and the number of recursive calls.

     name	The name of the current function.  The index number is
		printed after it.  If the function is a member of a
		cycle, the cycle number is printed between the
		function's name and the index number.


 For the function's parents, the fields have the following meanings:

     self	This is the amount of time that was propagated directly
		from the function into this parent.

     children	This is the amount of time that was propagated from
		the function's children into this parent.

     called	This is the number of times this parent called the
		function `/' the total number of times the function
		was called.  Recursive calls to the function are not
		included in the number after the `/'.

     name	This is the name of the parent.  The parent's index
		number is printed after it.  If the parent is a
		member of a cycle, the cycle number is printed between
		the name and the index number.

 If the parents of the function cannot be determined, the word
 `<spontaneous>' is printed in the `name' field, and all the other
 fields are blank.

 For the function's children, the fields have the following meanings:

     self	This is the amount of time that was propagated directly
		from the child into the function.

     children	This is the amount of time that was propagated from the
		child's children to the function.

     called	This is the number of times the function called
		this child `/' the total number of times the child
		was called.  Recursive calls by the child are not
		listed in the number after the `/'.

     name	This is the name of the child.  The child's index
		number is printed after it.  If the child is a
		member of a cycle, the cycle number is printed
		between the name and the index number.

 If there are any cycles (circles) in the call graph, there is an
 entry for the cycle-as-a-whole.  This entry shows who called the
 cycle (as parents) and the members of the cycle (as children.)
 The `+' recursive calls entry shows the number of function calls that
 were internal to the cycle, and the calls entry for each member shows,
 for that member, how many times it was called from other members of
 the cycle.

Copyright (C) 2012-2014 Free Software Foundation, Inc.

Copying and distribution of this file, with or without modification,
are permitted in any medium without royalty provided the copyright
notice and this notice are preserved.

Index by function name

  [30] SQB                    [17] SQd2B                  [50] free_int_hashset
   [9] SQBjrB                 [22] SQd2BkB                [15] genConstellations
  [12] SQBkBjrB               [11] SQd2BkBlB              [33] geti
  [20] SQBkBlBjrB             [29] SQd2BklB               [31] getj
  [23] SQBklBjrB              [16] SQd2BlB                [32] getk
  [21] SQBlBjrB               [18] SQd2BlBkB              [34] getl
  [13] SQBlBkBjrB             [28] SQd2BlkB               [24] int_hashset_add
  [26] SQBlkBjrB              [38] add_constellation      [14] int_hashset_contains
  [10] SQd0B                  [46] calcSolutions          [41] jasmin
   [8] SQd0BkB                [19] checkRotations         [43] mirvert
   [4] SQd1B                  [39] constellation_arraylist_add [37] rot90
   [5] SQd1BkB                [47] create_constellation_arraylist [42] setPreQueens
   [7] SQd1BkBlB              [45] create_int_hashset     [40] symmetry
  [25] SQd1BklB                [2] execSolutions          [44] symmetry90
   [6] SQd1BlB                [48] f                      [36] toijkl
   [3] SQd1BlBkB              [35] ffmin
  [27] SQd1BlkB               [49] free_constellation_arraylist
